<?xml version="1.0" encoding="UTF-8"?>
<!-- Generated by org.testng.reporters.JUnitReportReporter -->
<testsuite hostname="MacBook-Pro" failures="0" tests="1" name="com.Amazon.TestCases.TestScripts" time="5.843" errors="0" timestamp="2021-03-31T02:58:11 CST" skipped="0">
  <testcase classname="com.Amazon.TestCases.TestScripts" name="readPropertyTest" time="5.843"/>
  <system-out/>
</testsuite> <!-- com.Amazon.TestCases.TestScripts -->
