<?xml version="1.0" encoding="UTF-8"?>
<!-- Generated by org.testng.reporters.JUnitReportReporter -->
<testsuite hostname="MacBook-Pro" failures="0" tests="1" name="com.Amazon.TestCases.TestScripts" time="0.008" errors="0" timestamp="2021-03-31T01:36:37 CST" skipped="0">
  <testcase classname="com.Amazon.TestCases.TestScripts" name="readPropertyTest" time="0.008"/>
  <system-out/>
</testsuite> <!-- com.Amazon.TestCases.TestScripts -->
